<?xml version="1.0" encoding="UTF-8"?>
<testsuite xmlns:xsi="http://www.w3.org/2001/XMLSchema-instance" xsi:noNamespaceSchemaLocation="https://maven.apache.org/surefire/maven-surefire-plugin/xsd/surefire-test-report.xsd" name="uk.ac.ed.inf.AppTest" time="0.382" tests="21" errors="0" skipped="0" failures="5">
  <properties>
[...]
</properties>
  <testcase name="testCloseToFalse" classname="uk.ac.ed.inf.AppTest" time="0.002"/>
  <testcase name="testAngle20" classname="uk.ac.ed.inf.AppTest" time="0.012"/>
  <testcase name="testAngle50" classname="uk.ac.ed.inf.AppTest" time="0"/>
  <testcase name="testAngle90" classname="uk.ac.ed.inf.AppTest" time="0"/>
  <testcase name="testCloseToTrue" classname="uk.ac.ed.inf.AppTest" time="0"/>
  <testcase name="testMenusFourA" classname="uk.ac.ed.inf.AppTest" time="0.313">
    <failure message="expected:&lt;1430&gt; but was:&lt;0&gt;" type="java.lang.AssertionError"><![CDATA[java.lang.AssertionError: expected:<1430> but was:<0>
	at uk.ac.ed.inf.AppTest.testMenusFourA(AppTest.java:178)
]]></failure>
    <system-out><![CDATA[Connection failed
]]></system-out>
  </testcase>
  <testcase name="testMenusFourB" classname="uk.ac.ed.inf.AppTest" time="0.002">
    <failure message="expected:&lt;1890&gt; but was:&lt;0&gt;" type="java.lang.AssertionError"><![CDATA[java.lang.AssertionError: expected:<1890> but was:<0>
	at uk.ac.ed.inf.AppTest.testMenusFourB(AppTest.java:192)
]]></failure>
    <system-out><![CDATA[Connection failed
]]></system-out>
  </testcase>
  <testcase name="testMenusThree" classname="uk.ac.ed.inf.AppTest" time="0.002">
    <failure message="expected:&lt;970&gt; but was:&lt;0&gt;" type="java.lang.AssertionError"><![CDATA[java.lang.AssertionError: expected:<970> but was:<0>
	at uk.ac.ed.inf.AppTest.testMenusThree(AppTest.java:164)
]]></failure>
    <system-out><![CDATA[Connection failed
]]></system-out>
  </testcase>
  <testcase name="testAngle140" classname="uk.ac.ed.inf.AppTest" time="0"/>
  <testcase name="testAngle190" classname="uk.ac.ed.inf.AppTest" time="0"/>
  <testcase name="testAngle260" classname="uk.ac.ed.inf.AppTest" time="0"/>
  <testcase name="testAngle300" classname="uk.ac.ed.inf.AppTest" time="0"/>
  <testcase name="testAngle350" classname="uk.ac.ed.inf.AppTest" time="0"/>
  <testcase name="testAngle999" classname="uk.ac.ed.inf.AppTest" time="0"/>
  <testcase name="testMenusOne" classname="uk.ac.ed.inf.AppTest" time="0.003">
    <failure message="expected:&lt;280&gt; but was:&lt;0&gt;" type="java.lang.AssertionError"><![CDATA[java.lang.AssertionError: expected:<280> but was:<0>
	at uk.ac.ed.inf.AppTest.testMenusOne(AppTest.java:139)
]]></failure>
    <system-out><![CDATA[Connection failed
]]></system-out>
  </testcase>
  <testcase name="testMenusTwo" classname="uk.ac.ed.inf.AppTest" time="0.002">
    <failure message="expected:&lt;510&gt; but was:&lt;0&gt;" type="java.lang.AssertionError"><![CDATA[java.lang.AssertionError: expected:<510> but was:<0>
	at uk.ac.ed.inf.AppTest.testMenusTwo(AppTest.java:151)
]]></failure>
    <system-out><![CDATA[Connection failed
]]></system-out>
  </testcase>
  <testcase name="testAngle0" classname="uk.ac.ed.inf.AppTest" time="0.001"/>
  <testcase name="testIsConfinedFalse" classname="uk.ac.ed.inf.AppTest" time="0"/>
  <testcase name="testIsConfinedTrueA" classname="uk.ac.ed.inf.AppTest" time="0"/>
  <testcase name="testIsConfinedTrueB" classname="uk.ac.ed.inf.AppTest" time="0"/>
  <testcase name="testDistanceTo" classname="uk.ac.ed.inf.AppTest" time="0"/>
</testsuite>