<?xml version="1.0" encoding="UTF-8"?>
<testsuite xmlns:xsi="http://www.w3.org/2001/XMLSchema-instance" xsi:noNamespaceSchemaLocation="https://maven.apache.org/surefire/maven-surefire-plugin/xsd/surefire-test-report.xsd" name="uk.ac.ed.inf.AppTest" time="0.382" tests="21" errors="0" skipped="0" failures="5">
  <properties>
    <property name="java.specification.version" value="17"/>
    <property name="sun.cpu.isalist" value="amd64"/>
    <property name="sun.jnu.encoding" value="Cp1252"/>
    <property name="java.class.path" value="D:\Year 3\target\test-classes;D:\Year 3\target\classes;C:\Users\manab\.m2\repository\junit\junit\4.11\junit-4.11.jar;C:\Users\manab\.m2\repository\org\hamcrest\hamcrest-core\1.3\hamcrest-core-1.3.jar;C:\Users\manab\.m2\repository\com\google\code\gson\gson\2.8.8\gson-2.8.8.jar;C:\Users\manab\.m2\repository\org\jetbrains\annotations\23.0.0\annotations-23.0.0.jar;C:\Users\manab\.m2\repository\org\apache\derby\derbyclient\10.13.1.1\derbyclient-10.13.1.1.jar;"/>
    <property name="java.vm.vendor" value="Oracle Corporation"/>
    <property name="sun.arch.data.model" value="64"/>
    <property name="user.variant" value=""/>
    <property name="java.vendor.url" value="https://java.oracle.com/"/>
    <property name="user.timezone" value="Europe/London"/>
    <property name="os.name" value="Windows 10"/>
    <property name="java.vm.specification.version" value="17"/>
    <property name="sun.java.launcher" value="SUN_STANDARD"/>
    <property name="user.country" value="GB"/>
    <property name="sun.boot.library.path" value="C:\Users\manab\.jdks\openjdk-17\bin"/>
    <property name="sun.java.command" value="C:\Users\manab\AppData\Local\Temp\surefire17571426171343748518\surefirebooter5839066704960129998.jar C:\Users\manab\AppData\Local\Temp\surefire17571426171343748518 2021-11-19T18-26-39_645-jvmRun1 surefire11526909946630586878tmp surefire_08772687610201852025tmp"/>
    <property name="jdk.debug" value="release"/>
    <property name="surefire.test.class.path" value="D:\Year 3\target\test-classes;D:\Year 3\target\classes;C:\Users\manab\.m2\repository\junit\junit\4.11\junit-4.11.jar;C:\Users\manab\.m2\repository\org\hamcrest\hamcrest-core\1.3\hamcrest-core-1.3.jar;C:\Users\manab\.m2\repository\com\google\code\gson\gson\2.8.8\gson-2.8.8.jar;C:\Users\manab\.m2\repository\org\jetbrains\annotations\23.0.0\annotations-23.0.0.jar;C:\Users\manab\.m2\repository\org\apache\derby\derbyclient\10.13.1.1\derbyclient-10.13.1.1.jar;"/>
    <property name="sun.cpu.endian" value="little"/>
    <property name="user.home" value="C:\Users\manab"/>
    <property name="user.language" value="en"/>
    <property name="java.specification.vendor" value="Oracle Corporation"/>
    <property name="java.version.date" value="2021-09-14"/>
    <property name="java.home" value="C:\Users\manab\.jdks\openjdk-17"/>
    <property name="file.separator" value="\"/>
    <property name="basedir" value="D:\Year 3"/>
    <property name="java.vm.compressedOopsMode" value="Zero based"/>
    <property name="line.separator" value="&#10;"/>
    <property name="java.vm.specification.vendor" value="Oracle Corporation"/>
    <property name="java.specification.name" value="Java Platform API Specification"/>
    <property name="surefire.real.class.path" value="C:\Users\manab\AppData\Local\Temp\surefire17571426171343748518\surefirebooter5839066704960129998.jar"/>
    <property name="user.script" value=""/>
    <property name="sun.management.compiler" value="HotSpot 64-Bit Tiered Compilers"/>
    <property name="java.runtime.version" value="17+35-2724"/>
    <property name="user.name" value="manab"/>
    <property name="path.separator" value=";"/>
    <property name="os.version" value="10.0"/>
    <property name="java.runtime.name" value="OpenJDK Runtime Environment"/>
    <property name="file.encoding" value="Cp1252"/>
    <property name="java.vm.name" value="OpenJDK 64-Bit Server VM"/>
    <property name="localRepository" value="C:\Users\manab\.m2\repository"/>
    <property name="java.vendor.url.bug" value="https://bugreport.java.com/bugreport/"/>
    <property name="java.io.tmpdir" value="C:\Users\manab\AppData\Local\Temp\"/>
    <property name="idea.version" value="2021.2.3"/>
    <property name="java.version" value="17"/>
    <property name="user.dir" value="D:\Year 3"/>
    <property name="os.arch" value="amd64"/>
    <property name="java.vm.specification.name" value="Java Virtual Machine Specification"/>
    <property name="sun.os.patch.level" value=""/>
    <property name="native.encoding" value="Cp1252"/>
    <property name="java.library.path" value="C:\Users\manab\.jdks\openjdk-17\bin;C:\Windows\Sun\Java\bin;C:\Windows\system32;C:\Windows;C:\Program Files\AdoptOpenJDK\jre-11.0.11.9-hotspot\bin;C:\Windows\system32;C:\Windows;C:\Windows\System32\Wbem;C:\Windows\System32\WindowsPowerShell\v1.0\;C:\Windows\System32\OpenSSH\;C:\Program Files\Microsoft VS Code\bin;C:\Program Files (x86)\NVIDIA Corporation\PhysX\Common;C:\Program Files\NVIDIA Corporation\NVIDIA NvDLISR;C:\Program Files\Git\cmd;C:\Users\manab\AppData\Local\Programs\Python\Python39\Scripts\;C:\Users\manab\AppData\Local\Programs\Python\Python39\;C:\Users\manab\AppData\Local\Microsoft\WindowsApps;;C:\Program Files\JetBrains\IntelliJ IDEA 2021.2.3\bin;;C:\Program Files\JetBrains\CLion 2021.1.3\bin;;."/>
    <property name="java.vm.info" value="mixed mode, sharing"/>
    <property name="java.vendor" value="Oracle Corporation"/>
    <property name="java.vm.version" value="17+35-2724"/>
    <property name="sun.io.unicode.encoding" value="UnicodeLittle"/>
    <property name="java.class.version" value="61.0"/>
  </properties>
  <testcase name="testCloseToFalse" classname="uk.ac.ed.inf.AppTest" time="0.002"/>
  <testcase name="testAngle20" classname="uk.ac.ed.inf.AppTest" time="0.012"/>
  <testcase name="testAngle50" classname="uk.ac.ed.inf.AppTest" time="0"/>
  <testcase name="testAngle90" classname="uk.ac.ed.inf.AppTest" time="0"/>
  <testcase name="testCloseToTrue" classname="uk.ac.ed.inf.AppTest" time="0"/>
  <testcase name="testMenusFourA" classname="uk.ac.ed.inf.AppTest" time="0.313">
    <failure message="expected:&lt;1430&gt; but was:&lt;0&gt;" type="java.lang.AssertionError"><![CDATA[java.lang.AssertionError: expected:<1430> but was:<0>
	at uk.ac.ed.inf.AppTest.testMenusFourA(AppTest.java:178)
]]></failure>
    <system-out><![CDATA[Connection failed
]]></system-out>
  </testcase>
  <testcase name="testMenusFourB" classname="uk.ac.ed.inf.AppTest" time="0.002">
    <failure message="expected:&lt;1890&gt; but was:&lt;0&gt;" type="java.lang.AssertionError"><![CDATA[java.lang.AssertionError: expected:<1890> but was:<0>
	at uk.ac.ed.inf.AppTest.testMenusFourB(AppTest.java:192)
]]></failure>
    <system-out><![CDATA[Connection failed
]]></system-out>
  </testcase>
  <testcase name="testMenusThree" classname="uk.ac.ed.inf.AppTest" time="0.002">
    <failure message="expected:&lt;970&gt; but was:&lt;0&gt;" type="java.lang.AssertionError"><![CDATA[java.lang.AssertionError: expected:<970> but was:<0>
	at uk.ac.ed.inf.AppTest.testMenusThree(AppTest.java:164)
]]></failure>
    <system-out><![CDATA[Connection failed
]]></system-out>
  </testcase>
  <testcase name="testAngle140" classname="uk.ac.ed.inf.AppTest" time="0"/>
  <testcase name="testAngle190" classname="uk.ac.ed.inf.AppTest" time="0"/>
  <testcase name="testAngle260" classname="uk.ac.ed.inf.AppTest" time="0"/>
  <testcase name="testAngle300" classname="uk.ac.ed.inf.AppTest" time="0"/>
  <testcase name="testAngle350" classname="uk.ac.ed.inf.AppTest" time="0"/>
  <testcase name="testAngle999" classname="uk.ac.ed.inf.AppTest" time="0"/>
  <testcase name="testMenusOne" classname="uk.ac.ed.inf.AppTest" time="0.003">
    <failure message="expected:&lt;280&gt; but was:&lt;0&gt;" type="java.lang.AssertionError"><![CDATA[java.lang.AssertionError: expected:<280> but was:<0>
	at uk.ac.ed.inf.AppTest.testMenusOne(AppTest.java:139)
]]></failure>
    <system-out><![CDATA[Connection failed
]]></system-out>
  </testcase>
  <testcase name="testMenusTwo" classname="uk.ac.ed.inf.AppTest" time="0.002">
    <failure message="expected:&lt;510&gt; but was:&lt;0&gt;" type="java.lang.AssertionError"><![CDATA[java.lang.AssertionError: expected:<510> but was:<0>
	at uk.ac.ed.inf.AppTest.testMenusTwo(AppTest.java:151)
]]></failure>
    <system-out><![CDATA[Connection failed
]]></system-out>
  </testcase>
  <testcase name="testAngle0" classname="uk.ac.ed.inf.AppTest" time="0.001"/>
  <testcase name="testIsConfinedFalse" classname="uk.ac.ed.inf.AppTest" time="0"/>
  <testcase name="testIsConfinedTrueA" classname="uk.ac.ed.inf.AppTest" time="0"/>
  <testcase name="testIsConfinedTrueB" classname="uk.ac.ed.inf.AppTest" time="0"/>
  <testcase name="testDistanceTo" classname="uk.ac.ed.inf.AppTest" time="0"/>
</testsuite>